/project6/houde/mortgages/QE_Covid/code/initial_anaysis/auction_prices_analysis.py:443: DtypeWarning: Columns (1) have mixed types. Specify dtype option on import or set low_memory=False.
  df_coupon = pd.read_csv(f'{auction_data_folder}/{filename}', sep=',')
<class 'pandas.core.frame.DataFrame'>
RangeIndex: 30115338 entries, 0 to 30115337
Data columns (total 3 columns):
 #   Column                  Dtype  
---  ------                  -----  
 0   AuctionId               object 
 1   LoanSequenceNumberEMBS  object 
 2   s_coupon                float64
dtypes: float64(1), object(2)
memory usage: 689.3+ MB
Maturity
30    16911024
15     1815728
20      606016
25      199390
10      134552
dtype: int64
Summary of the data:         HedgeClientKey      NoteRate  ...      sold_GSE  bulk_bidders_fraction
count    8.390139e+06  8.390139e+06  ...  8.390139e+06           8.390139e+06
mean     6.954858e+01  3.160029e+00  ...  4.185842e-01           6.687991e-01
std      3.995409e+01  4.231369e-01  ...  4.933270e-01           2.996120e-01
min      1.000000e+00  0.000000e+00  ...  0.000000e+00           0.000000e+00
25%      3.600000e+01  2.875000e+00  ...  0.000000e+00           6.250000e-01
50%      6.200000e+01  3.125000e+00  ...  0.000000e+00           7.647059e-01
75%      9.500000e+01  3.375000e+00  ...  1.000000e+00           8.571429e-01
max      2.050000e+02  6.125000e+00  ...  1.000000e+00           1.000000e+00

[8 rows x 32 columns]
Number of observations:  8390139
Number of unique auctions:  766296
Traceback (most recent call last):
  File "/project6/houde/mortgages/QE_Covid/code/initial_anaysis/auction_prices_analysis.py", line 507, in <module>
    df1[cols_describe].describe()
  File "/project6/houde/mortgages/QE_Covid/code/initial_anaysis/auction_prices_analysis.py", line 318, in create_measures_collapse
    df.columns = [col.replace('_max', '') for col in df.columns.values]
NameError: name 'df_auc' is not defined
srun: error: slurm134: task 0: Exited with exit code 1
