/project6/houde/mortgages/QE_Covid/code/initial_anaysis/auction_prices_analysis.py:450: DtypeWarning: Columns (1) have mixed types. Specify dtype option on import or set low_memory=False.
  df_coupon = pd.read_csv(f'{auction_data_folder}/{filename}', sep=',')
<class 'pandas.core.frame.DataFrame'>
RangeIndex: 30115338 entries, 0 to 30115337
Data columns (total 3 columns):
 #   Column                  Dtype  
---  ------                  -----  
 0   AuctionId               object 
 1   LoanSequenceNumberEMBS  object 
 2   s_coupon                float64
dtypes: float64(1), object(2)
memory usage: 689.3+ MB
Maturity
30    16911024
15     1815728
20      606016
25      199390
10      134552
dtype: int64
Traceback (most recent call last):
  File "/project6/houde/mortgages/QE_Covid/code/initial_anaysis/auction_prices_analysis.py", line 480, in <module>
    df1 = clean_data(df)
  File "/project6/houde/mortgages/QE_Covid/code/initial_anaysis/auction_prices_analysis.py", line 261, in clean_data
    df = df.loc[df['s_coupon'].isin(), :]
TypeError: isin() missing 1 required positional argument: 'values'
srun: error: slurm134: task 0: Exited with exit code 1
